# JRE version: OpenJDK Runtime Environment (8.0_152-b01) (build 1.8.0_152-release-1248-b01)
# Java VM: OpenJDK 64-Bit Server VM (25.152-b01 mixed mode windows-amd64 compressed oops)
Heap:
 PSYoungGen      total 322560K, used 86245K [0x00000000e0000000, 0x00000000fc880000, 0x0000000100000000)
  eden space 256512K, 7% used [0x00000000e0000000,0x00000000e13bceb0,0x00000000efa80000)
  from space 66048K, 99% used [0x00000000efa80000,0x00000000f3afc6c8,0x00000000f3b00000)
  to   space 92160K, 0% used [0x00000000f6e80000,0x00000000f6e80000,0x00000000fc880000)
 ParOldGen       total 254976K, used 148441K [0x00000000a0000000, 0x00000000af900000, 0x00000000e0000000)
  object space 254976K, 58% used [0x00000000a0000000,0x00000000a90f6700,0x00000000af900000)
 Metaspace       used 89520K, capacity 92846K, committed 93184K, reserved 1130496K
  class space    used 11255K, capacity 11942K, committed 12032K, reserved 1048576K
GC Heap History (10 events):
Event: 275.521 GC heap before
{Heap before GC invocations=23 (full 4):
 PSYoungGen      total 238592K, used 31210K [0x00000000e0000000, 0x00000000f4000000, 0x0000000100000000)
  eden space 207360K, 0% used [0x00000000e0000000,0x00000000e0000000,0x00000000eca80000)
  from space 31232K, 99% used [0x00000000eca80000,0x00000000ee8fabc0,0x00000000ee900000)
  to   space 46080K, 0% used [0x00000000f1300000,0x00000000f1300000,0x00000000f4000000)
 ParOldGen       total 139264K, used 126474K [0x00000000a0000000, 0x00000000a8800000, 0x00000000e0000000)
  object space 139264K, 90% used [0x00000000a0000000,0x00000000a7b829c0,0x00000000a8800000)
 Metaspace       used 87507K, capacity 90804K, committed 91008K, reserved 1128448K
  class space    used 11220K, capacity 11894K, committed 11904K, reserved 1048576K
Event: 275.844 GC heap after
Heap after GC invocations=23 (full 4):
 PSYoungGen      total 238592K, used 0K [0x00000000e0000000, 0x00000000f4000000, 0x0000000100000000)
  eden space 207360K, 0% used [0x00000000e0000000,0x00000000e0000000,0x00000000eca80000)
  from space 31232K, 0% used [0x00000000eca80000,0x00000000eca80000,0x00000000ee900000)
  to   space 46080K, 0% used [0x00000000f1300000,0x00000000f1300000,0x00000000f4000000)
 ParOldGen       total 254976K, used 92897K [0x00000000a0000000, 0x00000000af900000, 0x00000000e0000000)
  object space 254976K, 36% used [0x00000000a0000000,0x00000000a5ab8490,0x00000000af900000)
 Metaspace       used 86682K, capacity 89630K, committed 91008K, reserved 1128448K
  class space    used 11091K, capacity 11716K, committed 11904K, reserved 1048576K
}
Event: 280.930 GC heap before
{Heap before GC invocations=24 (full 4):
 PSYoungGen      total 238592K, used 207360K [0x00000000e0000000, 0x00000000f4000000, 0x0000000100000000)
  eden space 207360K, 100% used [0x00000000e0000000,0x00000000eca80000,0x00000000eca80000)
  from space 31232K, 0% used [0x00000000eca80000,0x00000000eca80000,0x00000000ee900000)
  to   space 46080K, 0% used [0x00000000f1300000,0x00000000f1300000,0x00000000f4000000)
 ParOldGen       total 254976K, used 92897K [0x00000000a0000000, 0x00000000af900000, 0x00000000e0000000)
  object space 254976K, 36% used [0x00000000a0000000,0x00000000a5ab8490,0x00000000af900000)
 Metaspace       used 87102K, capacity 90078K, committed 91008K, reserved 1128448K
  class space    used 11097K, capacity 11725K, committed 11904K, reserved 1048576K
Event: 280.946 GC heap after
Heap after GC invocations=24 (full 4):
 PSYoungGen      total 281600K, used 11300K [0x00000000e0000000, 0x00000000f3e80000, 0x0000000100000000)
  eden space 237056K, 0% used [0x00000000e0000000,0x00000000e0000000,0x00000000ee780000)
  from space 44544K, 25% used [0x00000000f1300000,0x00000000f1e09288,0x00000000f3e80000)
  to   space 44544K, 0% used [0x00000000ee780000,0x00000000ee780000,0x00000000f1300000)
 ParOldGen       total 254976K, used 92905K [0x00000000a0000000, 0x00000000af900000, 0x00000000e0000000)
  object space 254976K, 36% used [0x00000000a0000000,0x00000000a5aba490,0x00000000af900000)
 Metaspace       used 87102K, capacity 90078K, committed 91008K, reserved 1128448K
  class space    used 11097K, capacity 11725K, committed 11904K, reserved 1048576K
}
Event: 703.779 GC heap before
{Heap before GC invocations=25 (full 4):
 PSYoungGen      total 281600K, used 248356K [0x00000000e0000000, 0x00000000f3e80000, 0x0000000100000000)
  eden space 237056K, 100% used [0x00000000e0000000,0x00000000ee780000,0x00000000ee780000)
  from space 44544K, 25% used [0x00000000f1300000,0x00000000f1e09288,0x00000000f3e80000)
  to   space 44544K, 0% used [0x00000000ee780000,0x00000000ee780000,0x00000000f1300000)
 ParOldGen       total 254976K, used 92905K [0x00000000a0000000, 0x00000000af900000, 0x00000000e0000000)
  object space 254976K, 36% used [0x00000000a0000000,0x00000000a5aba490,0x00000000af900000)
 Metaspace       used 88173K, capacity 91306K, committed 91776K, reserved 1128448K
  class space    used 11169K, capacity 11807K, committed 11904K, reserved 1048576K
Event: 703.841 GC heap after
Heap after GC invocations=25 (full 4):
 PSYoungGen      total 281600K, used 44530K [0x00000000e0000000, 0x00000000f7300000, 0x0000000100000000)
  eden space 237056K, 0% used [0x00000000e0000000,0x00000000e0000000,0x00000000ee780000)
  from space 44544K, 99% used [0x00000000ee780000,0x00000000f12fca78,0x00000000f1300000)
  to   space 57344K, 0% used [0x00000000f3b00000,0x00000000f3b00000,0x00000000f7300000)
 ParOldGen       total 254976K, used 108248K [0x00000000a0000000, 0x00000000af900000, 0x00000000e0000000)
  object space 254976K, 42% used [0x00000000a0000000,0x00000000a69b63e0,0x00000000af900000)
 Metaspace       used 88173K, capacity 91306K, committed 91776K, reserved 1128448K
  class space    used 11169K, capacity 11807K, committed 11904K, reserved 1048576K
}
Event: 709.310 GC heap before
{Heap before GC invocations=26 (full 4):
 PSYoungGen      total 281600K, used 281586K [0x00000000e0000000, 0x00000000f7300000, 0x0000000100000000)
  eden space 237056K, 100% used [0x00000000e0000000,0x00000000ee780000,0x00000000ee780000)
  from space 44544K, 99% used [0x00000000ee780000,0x00000000f12fca78,0x00000000f1300000)
  to   space 57344K, 0% used [0x00000000f3b00000,0x00000000f3b00000,0x00000000f7300000)
 ParOldGen       total 254976K, used 108248K [0x00000000a0000000, 0x00000000af900000, 0x00000000e0000000)
  object space 254976K, 42% used [0x00000000a0000000,0x00000000a69b63e0,0x00000000af900000)
 Metaspace       used 88566K, capacity 91746K, committed 92160K, reserved 1130496K
  class space    used 11178K, capacity 11850K, committed 12032K, reserved 1048576K
Event: 709.354 GC heap after
Heap after GC invocations=26 (full 4):
 PSYoungGen      total 313856K, used 54716K [0x00000000e0000000, 0x00000000f8500000, 0x0000000100000000)
  eden space 256512K, 0% used [0x00000000e0000000,0x00000000e0000000,0x00000000efa80000)
  from space 57344K, 95% used [0x00000000f3b00000,0x00000000f706f028,0x00000000f7300000)
  to   space 66048K, 0% used [0x00000000efa80000,0x00000000efa80000,0x00000000f3b00000)
 ParOldGen       total 254976K, used 108256K [0x00000000a0000000, 0x00000000af900000, 0x00000000e0000000)
  object space 254976K, 42% used [0x00000000a0000000,0x00000000a69b83e0,0x00000000af900000)
 Metaspace       used 88566K, capacity 91746K, committed 92160K, reserved 1130496K
  class space    used 11178K, capacity 11850K, committed 12032K, reserved 1048576K
}
Event: 781.926 GC heap before
{Heap before GC invocations=27 (full 4):
 PSYoungGen      total 313856K, used 311228K [0x00000000e0000000, 0x00000000f8500000, 0x0000000100000000)
  eden space 256512K, 100% used [0x00000000e0000000,0x00000000efa80000,0x00000000efa80000)
  from space 57344K, 95% used [0x00000000f3b00000,0x00000000f706f028,0x00000000f7300000)
  to   space 66048K, 0% used [0x00000000efa80000,0x00000000efa80000,0x00000000f3b00000)
 ParOldGen       total 254976K, used 108256K [0x00000000a0000000, 0x00000000af900000, 0x00000000e0000000)
  object space 254976K, 42% used [0x00000000a0000000,0x00000000a69b83e0,0x00000000af900000)
 Metaspace       used 89513K, capacity 92846K, committed 93184K, reserved 1130496K
  class space    used 11255K, capacity 11942K, committed 12032K, reserved 1048576K
Event: 782.001 GC heap after
Heap after GC invocations=27 (full 4):
 PSYoungGen      total 322560K, used 66033K [0x00000000e0000000, 0x00000000fc880000, 0x0000000100000000)
  eden space 256512K, 0% used [0x00000000e0000000,0x00000000e0000000,0x00000000efa80000)
  from space 66048K, 99% used [0x00000000efa80000,0x00000000f3afc6c8,0x00000000f3b00000)
  to   space 92160K, 0% used [0x00000000f6e80000,0x00000000f6e80000,0x00000000fc880000)
 ParOldGen       total 254976K, used 148441K [0x00000000a0000000, 0x00000000af900000, 0x00000000e0000000)
  object space 254976K, 58% used [0x00000000a0000000,0x00000000a90f6700,0x00000000af900000)
 Metaspace       used 89513K, capacity 92846K, committed 93184K, reserved 1130496K
  class space    used 11255K, capacity 11942K, committed 12032K, reserved 1048576K
}

